<?xml version="1.0" encoding="UTF-8"?>
<!-- Generated by org.testng.reporters.JUnitReportReporter -->
<testsuite skipped="0" hostname="Bharath" name="com.qa.hubspot.tests.LoginPageTest" tests="2" failures="0" timestamp="04 Aug 2019 15:35:01 GMT" time="35.309" errors="0">
  <testcase name="verifyLoginPageTitleTest" time="16.350" classname="com.qa.hubspot.tests.LoginPageTest"/>
  <testcase name="loginTest" time="18.959" classname="com.qa.hubspot.tests.LoginPageTest"/>
</testsuite> <!-- com.qa.hubspot.tests.LoginPageTest -->
