<?xml version="1.0" encoding="UTF-8"?>
<!-- Generated by org.testng.reporters.JUnitReportReporter -->
<testsuite skipped="0" hostname="Bharath" name="com.qa.hubspot.tests.HomePageTest" tests="2" failures="0" timestamp="04 Aug 2019 15:35:01 GMT" time="37.021" errors="0">
  <testcase name="VerifyHomePageTitleTest" time="18.550" classname="com.qa.hubspot.tests.HomePageTest"/>
  <testcase name="verifyHomePageHeaderTest" time="18.471" classname="com.qa.hubspot.tests.HomePageTest"/>
</testsuite> <!-- com.qa.hubspot.tests.HomePageTest -->
